<?xml version="1.0" encoding="UTF-8"?>
<robot generator="Robot 6.1.1 (Python 3.12.0 on win32)" generated="20231123 18:00:02.919" rpa="false" schemaversion="4">
<suite id="s1" name="08-Keywords" source="C:\Users\lenovo\Projelerim\wisequarter\RobotFramework\08-Keywords.robot">
<test id="s1-t1" name="Test01" line="7">
<kw name="Set Variable" library="BuiltIn">
<var>${sayi}</var>
<arg>100</arg>
<doc>Returns the given values which can then be assigned to a variables.</doc>
<msg timestamp="20231123 18:00:02.970" level="INFO">${sayi} = 100</msg>
<status status="PASS" starttime="20231123 18:00:02.970" endtime="20231123 18:00:02.970"/>
</kw>
<kw name="Create List" library="BuiltIn">
<var>@{listem}</var>
<arg>2</arg>
<arg>4</arg>
<arg>6</arg>
<arg>8</arg>
<arg>10</arg>
<doc>Returns a list containing given items.</doc>
<msg timestamp="20231123 18:00:02.971" level="INFO">@{listem} = [ 2 | 4 | 6 | 8 | 10 ]</msg>
<status status="PASS" starttime="20231123 18:00:02.971" endtime="20231123 18:00:02.971"/>
</kw>
<kw name="Append To List" library="Collections">
<arg>${listem}</arg>
<arg>${sayi}</arg>
<doc>Adds ``values`` to the end of ``list``.</doc>
<status status="PASS" starttime="20231123 18:00:02.973" endtime="20231123 18:00:02.973"/>
</kw>
<kw name="Sayilari İkiye Bol">
<arg>${listem}</arg>
<for flavor="IN">
<var>${e}</var>
<value>@{liste}</value>
<iter>
<var name="${e}">2</var>
<kw name="Evaluate" library="BuiltIn">
<var>${sonuc}</var>
<arg>${e}/2</arg>
<doc>Evaluates the given expression in Python and returns the result.</doc>
<msg timestamp="20231123 18:00:02.975" level="INFO">${sonuc} = 1.0</msg>
<status status="PASS" starttime="20231123 18:00:02.974" endtime="20231123 18:00:02.975"/>
</kw>
<kw name="Log To Console" library="BuiltIn">
<arg>${sonuc}</arg>
<doc>Logs the given message to the console.</doc>
<status status="PASS" starttime="20231123 18:00:02.975" endtime="20231123 18:00:02.975"/>
</kw>
<status status="PASS" starttime="20231123 18:00:02.974" endtime="20231123 18:00:02.975"/>
</iter>
<iter>
<var name="${e}">4</var>
<kw name="Evaluate" library="BuiltIn">
<var>${sonuc}</var>
<arg>${e}/2</arg>
<doc>Evaluates the given expression in Python and returns the result.</doc>
<msg timestamp="20231123 18:00:02.975" level="INFO">${sonuc} = 2.0</msg>
<status status="PASS" starttime="20231123 18:00:02.975" endtime="20231123 18:00:02.975"/>
</kw>
<kw name="Log To Console" library="BuiltIn">
<arg>${sonuc}</arg>
<doc>Logs the given message to the console.</doc>
<status status="PASS" starttime="20231123 18:00:02.975" endtime="20231123 18:00:02.976"/>
</kw>
<status status="PASS" starttime="20231123 18:00:02.975" endtime="20231123 18:00:02.976"/>
</iter>
<iter>
<var name="${e}">6</var>
<kw name="Evaluate" library="BuiltIn">
<var>${sonuc}</var>
<arg>${e}/2</arg>
<doc>Evaluates the given expression in Python and returns the result.</doc>
<msg timestamp="20231123 18:00:02.977" level="INFO">${sonuc} = 3.0</msg>
<status status="PASS" starttime="20231123 18:00:02.976" endtime="20231123 18:00:02.977"/>
</kw>
<kw name="Log To Console" library="BuiltIn">
<arg>${sonuc}</arg>
<doc>Logs the given message to the console.</doc>
<status status="PASS" starttime="20231123 18:00:02.977" endtime="20231123 18:00:02.977"/>
</kw>
<status status="PASS" starttime="20231123 18:00:02.976" endtime="20231123 18:00:02.977"/>
</iter>
<iter>
<var name="${e}">8</var>
<kw name="Evaluate" library="BuiltIn">
<var>${sonuc}</var>
<arg>${e}/2</arg>
<doc>Evaluates the given expression in Python and returns the result.</doc>
<msg timestamp="20231123 18:00:02.978" level="INFO">${sonuc} = 4.0</msg>
<status status="PASS" starttime="20231123 18:00:02.978" endtime="20231123 18:00:02.978"/>
</kw>
<kw name="Log To Console" library="BuiltIn">
<arg>${sonuc}</arg>
<doc>Logs the given message to the console.</doc>
<status status="PASS" starttime="20231123 18:00:02.978" endtime="20231123 18:00:02.979"/>
</kw>
<status status="PASS" starttime="20231123 18:00:02.978" endtime="20231123 18:00:02.979"/>
</iter>
<iter>
<var name="${e}">10</var>
<kw name="Evaluate" library="BuiltIn">
<var>${sonuc}</var>
<arg>${e}/2</arg>
<doc>Evaluates the given expression in Python and returns the result.</doc>
<msg timestamp="20231123 18:00:02.980" level="INFO">${sonuc} = 5.0</msg>
<status status="PASS" starttime="20231123 18:00:02.979" endtime="20231123 18:00:02.980"/>
</kw>
<kw name="Log To Console" library="BuiltIn">
<arg>${sonuc}</arg>
<doc>Logs the given message to the console.</doc>
<status status="PASS" starttime="20231123 18:00:02.980" endtime="20231123 18:00:02.980"/>
</kw>
<status status="PASS" starttime="20231123 18:00:02.979" endtime="20231123 18:00:02.980"/>
</iter>
<iter>
<var name="${e}">100</var>
<kw name="Evaluate" library="BuiltIn">
<var>${sonuc}</var>
<arg>${e}/2</arg>
<doc>Evaluates the given expression in Python and returns the result.</doc>
<msg timestamp="20231123 18:00:02.981" level="INFO">${sonuc} = 50.0</msg>
<status status="PASS" starttime="20231123 18:00:02.981" endtime="20231123 18:00:02.981"/>
</kw>
<kw name="Log To Console" library="BuiltIn">
<arg>${sonuc}</arg>
<doc>Logs the given message to the console.</doc>
<status status="PASS" starttime="20231123 18:00:02.981" endtime="20231123 18:00:02.982"/>
</kw>
<status status="PASS" starttime="20231123 18:00:02.980" endtime="20231123 18:00:02.982"/>
</iter>
<status status="PASS" starttime="20231123 18:00:02.974" endtime="20231123 18:00:02.982"/>
</for>
<status status="PASS" starttime="20231123 18:00:02.974" endtime="20231123 18:00:02.982"/>
</kw>
<status status="PASS" starttime="20231123 18:00:02.969" endtime="20231123 18:00:02.983"/>
</test>
<status status="PASS" starttime="20231123 18:00:02.921" endtime="20231123 18:00:02.986"/>
</suite>
<statistics>
<total>
<stat pass="1" fail="0" skip="0">All Tests</stat>
</total>
<tag>
</tag>
<suite>
<stat pass="1" fail="0" skip="0" id="s1" name="08-Keywords">08-Keywords</stat>
</suite>
</statistics>
<errors>
</errors>
</robot>
